- Nikto v2.1.6
---------------------------------------------------------------------------
+ Target IP:          192.168.1.12
+ Target Hostname:    192.168.1.12
+ Target Port:        80
+ Start Time:         2018-05-03 16:37:14 (GMT-4)
---------------------------------------------------------------------------
+ Server: Apache/2.4.27 (Fedora)
+ Server leaks inodes via ETags, header found with file /, fields: 0x146 0x557458caf66e2 
+ The anti-clickjacking X-Frame-Options header is not present.
+ The X-XSS-Protection header is not defined. This header can hint to the user agent to protect against some forms of XSS
+ The X-Content-Type-Options header is not set. This could allow the user agent to render the content of the site in a different fashion to the MIME type
+ Allowed HTTP Methods: POST, OPTIONS, HEAD, GET, TRACE 
+ OSVDB-877: HTTP TRACE method is active, suggesting the host is vulnerable to XST
+ OSVDB-3268: /passwords/: Directory indexing found.
+ OSVDB-3092: /passwords/: This might be interesting...
+ OSVDB-3268: /icons/: Directory indexing found.
+ OSVDB-3233: /icons/README: Apache default file found.
+ 8345 requests: 0 error(s) and 10 item(s) reported on remote host
+ End Time:           2018-05-03 16:37:29 (GMT-4) (15 seconds)
---------------------------------------------------------------------------
+ 1 host(s) tested


      *********************************************************************
      Portions of the server's headers (Apache/2.4.27) are not in
      the Nikto database or are newer than the known string. Would you like
      to submit this information (*no server specific data*) to CIRT.net
      for a Nikto update (or you may email to sullo@cirt.net) (y/n)? 
+ The anti-clickjacking X-Frame-Options header is not present.
+ The X-XSS-Protection header is not defined. This header can hint to the user agent to protect against some forms of XSS
+ The X-Content-Type-Options header is not set. This could allow the user agent to render the content of the site in a different fashion to the MIME type
+ ERROR 302: Update failed, please notify sullo@cirt.net of this code.
